13: 28: 20. 649 [main] %-51evel com.testCases.TC002_LoginTest - **** Starting TC002_LoginTest ****
13: 28: 26. 418 [main] %-51evel com.testCases.TC002_LoginTest - **** Finished TC002_LoginTest ****
13: 32: 21. 652 [main] %-51evel org.testng.TestNG - suiteXmlPath: "F:\Eclipse_workspace\Opencart_V001\grouping.xml"
13: 32: 22. 037 [main] %-51evel org.testng.internal.Utils - [TestNG] Running:
  F:\Eclipse_workspace\Opencart_V001\grouping.xml

13: 32: 27. 229 [main] %-51evel com.testCases.TC002_LoginTest - **** Starting TC002_LoginTest ****
13: 32: 46. 990 [main] %-51evel com.testCases.TC002_LoginTest - **** Finished TC002_LoginTest ****
18: 24: 10. 931 [main] %-51evel org.testng.TestNG - suiteXmlPath: "F:\Eclipse_workspace\Opencart_V001\master.xml"
18: 24: 11. 441 [main] %-51evel org.testng.internal.Utils - [TestNG] Running:
  F:\Eclipse_workspace\Opencart_V001\master.xml

14: 24: 53. 933 [main] %-51evel org.testng.TestNG - suiteXmlPath: "F:\Eclipse_workspace\Opencart_V001\master.xml"
14: 24: 54. 481 [main] %-51evel org.testng.internal.Utils - [TestNG] Running:
  F:\Eclipse_workspace\Opencart_V001\master.xml

14: 46: 22. 265 [main] %-51evel org.testng.TestNG - suiteXmlPath: "F:\Eclipse_workspace\Opencart_V001\master.xml"
14: 46: 22. 697 [main] %-51evel org.testng.internal.Utils - [TestNG] Running:
  F:\Eclipse_workspace\Opencart_V001\master.xml

14: 46: 37. 250 [main] %-51evel com.testCases.TC001_AccountRegistrationTest - **** Starting the TC001_AccountRegistrationTest ****
14: 46: 37. 504 [main] %-51evel com.testCases.TC001_AccountRegistrationTest - **** Click on MyAccount Link...
14: 46: 38. 540 [main] %-51evel com.testCases.TC001_AccountRegistrationTest - **** Click on Register Link...
14: 46: 38. 576 [main] %-51evel com.testCases.TC001_AccountRegistrationTest - **** Providing customer details...
14: 46: 40. 727 [main] %-51evel com.testCases.TC001_AccountRegistrationTest - Validating expected message...
14: 46: 40. 818 [main] %-51evel com.testCases.TC001_AccountRegistrationTest - **** finished the TC001_AccountRegistrationTest **** 
14: 46: 50. 541 [main] %-51evel com.testCases.TC002_LoginTest - **** Starting TC002_LoginTest ****
14: 46: 52. 789 [main] %-51evel com.testCases.TC002_LoginTest - **** Finished TC002_LoginTest ****
14: 50: 33. 937 [main] %-51evel org.testng.TestNG - suiteXmlPath: "F:\Eclipse_workspace\Opencart_V001\master.xml"
14: 50: 34. 312 [main] %-51evel org.testng.internal.Utils - [TestNG] Running:
  F:\Eclipse_workspace\Opencart_V001\master.xml

14: 50: 42. 060 [main] %-51evel com.testCases.TC001_AccountRegistrationTest - **** Starting the TC001_AccountRegistrationTest ****
14: 50: 42. 190 [main] %-51evel com.testCases.TC001_AccountRegistrationTest - **** Click on MyAccount Link...
14: 50: 42. 934 [main] %-51evel com.testCases.TC001_AccountRegistrationTest - **** Click on Register Link...
14: 50: 42. 937 [main] %-51evel com.testCases.TC001_AccountRegistrationTest - **** Providing customer details...
14: 50: 44. 751 [main] %-51evel com.testCases.TC001_AccountRegistrationTest - Validating expected message...
14: 50: 44. 834 [main] %-51evel com.testCases.TC001_AccountRegistrationTest - **** finished the TC001_AccountRegistrationTest **** 
14: 50: 50. 848 [main] %-51evel com.testCases.TC002_LoginTest - **** Starting TC002_LoginTest ****
14: 50: 52. 789 [main] %-51evel com.testCases.TC002_LoginTest - **** Finished TC002_LoginTest ****
14: 53: 24. 092 [main] %-51evel org.testng.TestNG - suiteXmlPath: "F:\Eclipse_workspace\Opencart_V001\master.xml"
14: 53: 24. 740 [main] %-51evel org.testng.internal.Utils - [TestNG] Running:
  F:\Eclipse_workspace\Opencart_V001\master.xml

14: 53: 32. 585 [main] %-51evel com.testCases.TC001_AccountRegistrationTest - **** Starting the TC001_AccountRegistrationTest ****
14: 53: 32. 703 [main] %-51evel com.testCases.TC001_AccountRegistrationTest - **** Click on MyAccount Link...
14: 53: 33. 437 [main] %-51evel com.testCases.TC001_AccountRegistrationTest - **** Click on Register Link...
14: 53: 33. 448 [main] %-51evel com.testCases.TC001_AccountRegistrationTest - **** Providing customer details...
14: 53: 35. 385 [main] %-51evel com.testCases.TC001_AccountRegistrationTest - Validating expected message...
14: 53: 35. 460 [main] %-51evel com.testCases.TC001_AccountRegistrationTest - **** finished the TC001_AccountRegistrationTest **** 
14: 53: 42. 178 [main] %-51evel com.testCases.TC002_LoginTest - **** Starting TC002_LoginTest ****
14: 53: 44. 347 [main] %-51evel com.testCases.TC002_LoginTest - **** Finished TC002_LoginTest ****
14: 55: 53. 390 [main] %-51evel org.testng.TestNG - suiteXmlPath: "F:\Eclipse_workspace\Opencart_V001\master.xml"
14: 55: 53. 818 [main] %-51evel org.testng.internal.Utils - [TestNG] Running:
  F:\Eclipse_workspace\Opencart_V001\master.xml

14: 55: 59. 043 [main] %-51evel com.testCases.TC001_AccountRegistrationTest - **** Starting the TC001_AccountRegistrationTest ****
14: 56: 01. 696 [main] %-51evel com.testCases.TC001_AccountRegistrationTest - **** Click on MyAccount Link...
