20: 08: 40. 909 [main] %-51evel org.apache.poi.openxml4j.opc.PackageRelationshipCollection - Parsing relationship: /_rels/.rels
20: 08: 41. 035 [main] %-51evel org.apache.poi.openxml4j.opc.PackageRelationshipCollection - Parsing relationship: /xl/_rels/workbook.xml.rels
20: 08: 41. 035 [main] %-51evel org.apache.poi.openxml4j.opc.PackageRelationshipCollection - Parsing relationship: /xl/worksheets/_rels/sheet1.xml.rels
20: 08: 41. 038 [main] %-51evel org.apache.poi.openxml4j.opc.PackageRelationshipCollection - Parsing relationship: /_rels/.rels
20: 08: 41. 082 [main] %-51evel org.apache.poi.openxml4j.opc.PackageRelationshipCollection - Parsing relationship: /xl/_rels/workbook.xml.rels
20: 08: 41. 082 [main] %-51evel org.apache.poi.openxml4j.opc.PackageRelationshipCollection - Parsing relationship: /xl/worksheets/_rels/sheet1.xml.rels
20: 08: 41. 082 [main] %-51evel org.apache.poi.openxml4j.opc.PackageRelationshipCollection - Parsing relationship: /_rels/.rels
20: 08: 41. 129 [main] %-51evel org.apache.poi.openxml4j.opc.PackageRelationshipCollection - Parsing relationship: /xl/_rels/workbook.xml.rels
20: 08: 41. 129 [main] %-51evel org.apache.poi.openxml4j.opc.PackageRelationshipCollection - Parsing relationship: /xl/worksheets/_rels/sheet1.xml.rels
20: 08: 41. 129 [main] %-51evel org.apache.poi.openxml4j.opc.PackageRelationshipCollection - Parsing relationship: /_rels/.rels
20: 08: 41. 161 [main] %-51evel org.apache.poi.openxml4j.opc.PackageRelationshipCollection - Parsing relationship: /xl/_rels/workbook.xml.rels
20: 08: 41. 161 [main] %-51evel org.apache.poi.openxml4j.opc.PackageRelationshipCollection - Parsing relationship: /xl/worksheets/_rels/sheet1.xml.rels
20: 08: 41. 161 [main] %-51evel org.apache.poi.openxml4j.opc.PackageRelationshipCollection - Parsing relationship: /_rels/.rels
20: 08: 41. 176 [main] %-51evel org.apache.poi.openxml4j.opc.PackageRelationshipCollection - Parsing relationship: /xl/_rels/workbook.xml.rels
20: 08: 41. 176 [main] %-51evel org.apache.poi.openxml4j.opc.PackageRelationshipCollection - Parsing relationship: /xl/worksheets/_rels/sheet1.xml.rels
20: 08: 41. 176 [main] %-51evel org.apache.poi.openxml4j.opc.PackageRelationshipCollection - Parsing relationship: /_rels/.rels
20: 08: 41. 192 [main] %-51evel org.apache.poi.openxml4j.opc.PackageRelationshipCollection - Parsing relationship: /xl/_rels/workbook.xml.rels
20: 08: 41. 192 [main] %-51evel org.apache.poi.openxml4j.opc.PackageRelationshipCollection - Parsing relationship: /xl/worksheets/_rels/sheet1.xml.rels
20: 08: 41. 192 [main] %-51evel org.apache.poi.openxml4j.opc.PackageRelationshipCollection - Parsing relationship: /_rels/.rels
20: 08: 41. 223 [main] %-51evel org.apache.poi.openxml4j.opc.PackageRelationshipCollection - Parsing relationship: /xl/_rels/workbook.xml.rels
20: 08: 41. 223 [main] %-51evel org.apache.poi.openxml4j.opc.PackageRelationshipCollection - Parsing relationship: /xl/worksheets/_rels/sheet1.xml.rels
20: 08: 41. 223 [main] %-51evel org.apache.poi.openxml4j.opc.PackageRelationshipCollection - Parsing relationship: /_rels/.rels
20: 08: 41. 254 [main] %-51evel com.testCases.TC003_LoginDDT - **** stating TC003_LoginDDT **** 
20: 08: 43. 116 [main] %-51evel com.testCases.TC003_LoginDDT - **** Finished TC003_LoginDDT **** 
20: 08: 43. 148 [main] %-51evel com.testCases.TC003_LoginDDT - **** stating TC003_LoginDDT **** 
20: 08: 54. 083 [main] %-51evel com.testCases.TC003_LoginDDT - **** Finished TC003_LoginDDT **** 
20: 08: 54. 083 [main] %-51evel com.testCases.TC003_LoginDDT - **** stating TC003_LoginDDT **** 
20: 09: 05. 321 [main] %-51evel com.testCases.TC003_LoginDDT - **** Finished TC003_LoginDDT **** 
20: 09: 05. 321 [main] %-51evel com.testCases.TC003_LoginDDT - **** stating TC003_LoginDDT **** 
20: 09: 16. 423 [main] %-51evel com.testCases.TC003_LoginDDT - **** Finished TC003_LoginDDT **** 
20: 09: 16. 439 [main] %-51evel com.testCases.TC003_LoginDDT - **** stating TC003_LoginDDT **** 
20: 09: 17. 887 [main] %-51evel com.testCases.TC003_LoginDDT - **** Finished TC003_LoginDDT **** 
13: 27: 50. 693 [main] %-51evel org.testng.TestNG - suiteXmlPath: "F:\Eclipse_workspace\Opencart_V001\grouping.xml"
13: 27: 51. 140 [main] %-51evel org.testng.internal.Utils - [TestNG] Running:
  F:\Eclipse_workspace\Opencart_V001\grouping.xml

13: 28: 10. 202 [main] %-51evel com.testCases.TC001_AccountRegistrationTest - **** Starting the TC001_AccountRegistrationTest ****
13: 28: 10. 427 [main] %-51evel com.testCases.TC001_AccountRegistrationTest - **** Click on MyAccount Link...
13: 28: 11. 217 [main] %-51evel com.testCases.TC001_AccountRegistrationTest - **** Click on Register Link...
13: 28: 11. 225 [main] %-51evel com.testCases.TC001_AccountRegistrationTest - **** Providing customer details...
13: 28: 13. 069 [main] %-51evel com.testCases.TC001_AccountRegistrationTest - Validating expected message...
13: 28: 13. 137 [main] %-51evel com.testCases.TC001_AccountRegistrationTest - **** finished the TC001_AccountRegistrationTest **** 
