16: 39: 26. 307 [main] %-51evel org.testng.internal.Utils - [TestNG] Running:
  F:\Eclipse_workspace\Opencart_V001\master.xml

16: 39: 33. 880 [main] %-51evel com.testCases.TC002_LoginTest - **** Starting TC002_LoginTest ****
16: 49: 16. 088 [main] %-51evel org.testng.TestNG - suiteXmlPath: "F:\Eclipse_workspace\Opencart_V001\master.xml"
16: 49: 16. 460 [main] %-51evel org.testng.internal.Utils - [TestNG] Running:
  F:\Eclipse_workspace\Opencart_V001\master.xml

16: 49: 23. 947 [main] %-51evel com.testCases.TC002_LoginTest - **** Starting TC002_LoginTest ****
16: 49: 27. 084 [main] %-51evel com.testCases.TC002_LoginTest - **** Finished TC002_LoginTest ****
20: 08: 28. 116 [main] %-51evel org.testng.TestNG - suiteXmlPath: "F:\Eclipse_workspace\Opencart_V001\master.xml"
20: 08: 28. 500 [main] %-51evel org.testng.internal.Utils - [TestNG] Running:
  F:\Eclipse_workspace\Opencart_V001\master.xml

20: 08: 40. 007 [main] %-51evel org.apache.poi.openxml4j.opc.PackageRelationshipCollection - Parsing relationship: /xl/_rels/workbook.xml.rels
20: 08: 40. 012 [main] %-51evel org.apache.poi.openxml4j.opc.PackageRelationshipCollection - Parsing relationship: /xl/worksheets/_rels/sheet1.xml.rels
20: 08: 40. 016 [main] %-51evel org.apache.poi.openxml4j.opc.PackageRelationshipCollection - Parsing relationship: /_rels/.rels
20: 08: 40. 499 [main] %-51evel org.apache.poi.openxml4j.opc.PackageRelationshipCollection - Parsing relationship: /xl/_rels/workbook.xml.rels
20: 08: 40. 500 [main] %-51evel org.apache.poi.openxml4j.opc.PackageRelationshipCollection - Parsing relationship: /xl/worksheets/_rels/sheet1.xml.rels
20: 08: 40. 502 [main] %-51evel org.apache.poi.openxml4j.opc.PackageRelationshipCollection - Parsing relationship: /_rels/.rels
20: 08: 40. 536 [main] %-51evel org.apache.poi.openxml4j.opc.PackageRelationshipCollection - Parsing relationship: /xl/_rels/workbook.xml.rels
20: 08: 40. 537 [main] %-51evel org.apache.poi.openxml4j.opc.PackageRelationshipCollection - Parsing relationship: /xl/worksheets/_rels/sheet1.xml.rels
20: 08: 40. 539 [main] %-51evel org.apache.poi.openxml4j.opc.PackageRelationshipCollection - Parsing relationship: /_rels/.rels
20: 08: 40. 580 [main] %-51evel org.apache.poi.openxml4j.opc.PackageRelationshipCollection - Parsing relationship: /xl/_rels/workbook.xml.rels
20: 08: 40. 581 [main] %-51evel org.apache.poi.openxml4j.opc.PackageRelationshipCollection - Parsing relationship: /xl/worksheets/_rels/sheet1.xml.rels
20: 08: 40. 583 [main] %-51evel org.apache.poi.openxml4j.opc.PackageRelationshipCollection - Parsing relationship: /_rels/.rels
20: 08: 40. 643 [main] %-51evel org.apache.poi.openxml4j.opc.PackageRelationshipCollection - Parsing relationship: /xl/_rels/workbook.xml.rels
20: 08: 40. 647 [main] %-51evel org.apache.poi.openxml4j.opc.PackageRelationshipCollection - Parsing relationship: /xl/worksheets/_rels/sheet1.xml.rels
20: 08: 40. 650 [main] %-51evel org.apache.poi.openxml4j.opc.PackageRelationshipCollection - Parsing relationship: /_rels/.rels
20: 08: 40. 697 [main] %-51evel org.apache.poi.openxml4j.opc.PackageRelationshipCollection - Parsing relationship: /xl/_rels/workbook.xml.rels
20: 08: 40. 700 [main] %-51evel org.apache.poi.openxml4j.opc.PackageRelationshipCollection - Parsing relationship: /xl/worksheets/_rels/sheet1.xml.rels
20: 08: 40. 706 [main] %-51evel org.apache.poi.openxml4j.opc.PackageRelationshipCollection - Parsing relationship: /_rels/.rels
20: 08: 40. 753 [main] %-51evel org.apache.poi.openxml4j.opc.PackageRelationshipCollection - Parsing relationship: /xl/_rels/workbook.xml.rels
20: 08: 40. 753 [main] %-51evel org.apache.poi.openxml4j.opc.PackageRelationshipCollection - Parsing relationship: /xl/worksheets/_rels/sheet1.xml.rels
20: 08: 40. 753 [main] %-51evel org.apache.poi.openxml4j.opc.PackageRelationshipCollection - Parsing relationship: /_rels/.rels
20: 08: 40. 800 [main] %-51evel org.apache.poi.openxml4j.opc.PackageRelationshipCollection - Parsing relationship: /xl/_rels/workbook.xml.rels
20: 08: 40. 800 [main] %-51evel org.apache.poi.openxml4j.opc.PackageRelationshipCollection - Parsing relationship: /xl/worksheets/_rels/sheet1.xml.rels
20: 08: 40. 800 [main] %-51evel org.apache.poi.openxml4j.opc.PackageRelationshipCollection - Parsing relationship: /_rels/.rels
20: 08: 40. 847 [main] %-51evel org.apache.poi.openxml4j.opc.PackageRelationshipCollection - Parsing relationship: /xl/_rels/workbook.xml.rels
20: 08: 40. 847 [main] %-51evel org.apache.poi.openxml4j.opc.PackageRelationshipCollection - Parsing relationship: /xl/worksheets/_rels/sheet1.xml.rels
20: 08: 40. 863 [main] %-51evel org.apache.poi.openxml4j.opc.PackageRelationshipCollection - Parsing relationship: /_rels/.rels
20: 08: 40. 909 [main] %-51evel org.apache.poi.openxml4j.opc.PackageRelationshipCollection - Parsing relationship: /xl/_rels/workbook.xml.rels
20: 08: 40. 909 [main] %-51evel org.apache.poi.openxml4j.opc.PackageRelationshipCollection - Parsing relationship: /xl/worksheets/_rels/sheet1.xml.rels
