14: 56: 02. 409 [main] %-51evel com.testCases.TC001_AccountRegistrationTest - **** Click on Register Link...
14: 56: 02. 435 [main] %-51evel com.testCases.TC001_AccountRegistrationTest - **** Providing customer details...
14: 56: 04. 319 [main] %-51evel com.testCases.TC001_AccountRegistrationTest - Validating expected message...
14: 56: 04. 389 [main] %-51evel com.testCases.TC001_AccountRegistrationTest - **** finished the TC001_AccountRegistrationTest **** 
14: 56: 09. 512 [main] %-51evel com.testCases.TC002_LoginTest - **** Starting TC002_LoginTest ****
15: 42: 30. 168 [main] %-51evel org.testng.TestNG - suiteXmlPath: "F:\Eclipse_workspace\Opencart_V001\master.xml"
15: 42: 39. 180 [main] %-51evel com.testCases.TC001_AccountRegistrationTest - **** Starting the TC001_AccountRegistrationTest ****
15: 42: 41. 288 [main] %-51evel com.testCases.TC001_AccountRegistrationTest - **** Click on MyAccount Link...
15: 42: 42. 036 [main] %-51evel com.testCases.TC001_AccountRegistrationTest - **** Click on Register Link...
15: 42: 42. 077 [main] %-51evel com.testCases.TC001_AccountRegistrationTest - **** Providing customer details...
15: 42: 43. 951 [main] %-51evel com.testCases.TC001_AccountRegistrationTest - Validating expected message...
15: 42: 44. 002 [main] %-51evel com.testCases.TC001_AccountRegistrationTest - **** finished the TC001_AccountRegistrationTest **** 
15: 42: 47. 965 [main] %-51evel com.testCases.TC002_LoginTest - **** Starting TC002_LoginTest ****
15: 42: 53. 413 [main] %-51evel com.testCases.TC002_LoginTest - **** Finished TC002_LoginTest ****
16: 58: 55. 781 [main] %-51evel org.testng.TestNG - suiteXmlPath: "F:\Eclipse_workspace\Opencart_V001\master.xml"
16: 59: 06. 633 [main] %-51evel com.testCases.TC001_AccountRegistrationTest - **** Starting the TC001_AccountRegistrationTest ****
16: 59: 06. 887 [main] %-51evel com.testCases.TC001_AccountRegistrationTest - **** Click on MyAccount Link...
16: 59: 07. 658 [main] %-51evel com.testCases.TC001_AccountRegistrationTest - **** Click on Register Link...
16: 59: 07. 665 [main] %-51evel com.testCases.TC001_AccountRegistrationTest - **** Providing customer details...
16: 59: 09. 460 [main] %-51evel com.testCases.TC001_AccountRegistrationTest - Validating expected message...
16: 59: 09. 541 [main] %-51evel com.testCases.TC001_AccountRegistrationTest - **** finished the TC001_AccountRegistrationTest **** 
16: 59: 16. 399 [main] %-51evel com.testCases.TC002_LoginTest - **** Starting TC002_LoginTest ****
16: 59: 18. 301 [main] %-51evel com.testCases.TC002_LoginTest - **** Finished TC002_LoginTest ****
16: 59: 42. 772 [main] %-51evel org.testng.TestNG - suiteXmlPath: "F:\Eclipse_workspace\Opencart_V001\master.xml"
16: 59: 47. 688 [main] %-51evel com.testCases.TC001_AccountRegistrationTest - **** Starting the TC001_AccountRegistrationTest ****
16: 59: 50. 831 [main] %-51evel com.testCases.TC001_AccountRegistrationTest - **** Click on MyAccount Link...
16: 59: 51. 562 [main] %-51evel com.testCases.TC001_AccountRegistrationTest - **** Click on Register Link...
16: 59: 51. 583 [main] %-51evel com.testCases.TC001_AccountRegistrationTest - **** Providing customer details...
16: 59: 53. 291 [main] %-51evel com.testCases.TC001_AccountRegistrationTest - Validating expected message...
16: 59: 53. 353 [main] %-51evel com.testCases.TC001_AccountRegistrationTest - **** finished the TC001_AccountRegistrationTest **** 
17: 00: 04. 202 [main] %-51evel com.testCases.TC002_LoginTest - **** Starting TC002_LoginTest ****
17: 00: 06. 903 [main] %-51evel com.testCases.TC002_LoginTest - **** Finished TC002_LoginTest ****
